<?xml version="1.0" encoding="utf-8"?><testsuites name="pytest tests"><testsuite name="pytest" errors="0" failures="0" skipped="0" tests="19" time="11.654" timestamp="2026-07-15T08:27:56.581334+00:00" hostname="agent-env-9d64c9d1-0c14-4385-ba0f-90e01fa9cc7c"><testcase classname="tests.backend_test_phase2" name="test_oauth_config_returns_expected_providers" time="0.753" /><testcase classname="tests.backend_test_phase2" name="test_microsoft_oauth_with_fake_code_returns_400" time="0.233" /><testcase classname="tests.backend_test_phase2" name="test_forgot_password_random_email_returns_ok_no_enum" time="0.106" /><testcase classname="tests.backend_test_phase2" name="test_forgot_password_existing_user_creates_reset_token" time="0.110" /><testcase classname="tests.backend_test_phase2" name="test_reset_password_with_invalid_token_returns_400" time="0.092" /><testcase classname="tests.backend_test_phase2" name="test_reset_password_with_valid_token_succeeds_and_invalidates_sessions" time="0.955" /><testcase classname="tests.backend_test_phase2" name="test_reset_password_reuse_same_token_returns_400" time="0.091" /><testcase classname="tests.backend_test_phase2" name="test_send_verify_email_requires_auth" time="0.096" /><testcase classname="tests.backend_test_phase2" name="test_send_verify_email_creates_code_and_is_idempotent" time="0.219" /><testcase classname="tests.backend_test_phase2" name="test_verify_email_wrong_code_returns_400" time="0.093" /><testcase classname="tests.backend_test_phase2" name="test_verify_email_expired_code_returns_400" time="0.097" /><testcase classname="tests.backend_test_phase2" name="test_verify_email_correct_code_marks_verified_and_removes" time="0.285" /><testcase classname="tests.backend_test_phase2" name="test_upload_image_without_auth_returns_401" time="0.091" /><testcase classname="tests.backend_test_phase2" name="test_upload_image_non_image_returns_400" time="0.096" /><testcase classname="tests.backend_test_phase2" name="test_upload_image_oversize_returns_400" time="0.386" /><testcase classname="tests.backend_test_phase2" name="test_upload_image_valid_jpeg_returns_key_and_signed_url" time="0.488" /><testcase classname="tests.backend_test_phase2" name="test_chat_stream_with_one_image_deducts_4_credits" time="2.578" /><testcase classname="tests.backend_test_phase2" name="test_chat_stream_with_two_images_deducts_7_credits" time="3.115" /><testcase classname="tests.backend_test_phase2" name="test_chat_stream_with_attachments_and_no_credits_returns_402" time="0.892" /></testsuite></testsuites>