<?xml version="1.0" encoding="utf-8"?><testsuites name="pytest tests"><testsuite name="pytest" errors="0" failures="0" skipped="0" tests="37" time="9.944" timestamp="2026-07-15T07:56:25.783751+00:00" hostname="agent-env-9d64c9d1-0c14-4385-ba0f-90e01fa9cc7c"><testcase classname="tests.backend_test" name="test_health" time="0.180" /><testcase classname="tests.backend_test" name="test_register_new_user_and_wallet_seed" time="0.328" /><testcase classname="tests.backend_test" name="test_register_duplicate_returns_409" time="0.106" /><testcase classname="tests.backend_test" name="test_auth_me_returns_current_user" time="0.095" /><testcase classname="tests.backend_test" name="test_login_valid_credentials" time="0.354" /><testcase classname="tests.backend_test" name="test_login_invalid_password_returns_401" time="0.323" /><testcase classname="tests.backend_test" name="test_refresh_returns_new_token_pair" time="0.136" /><testcase classname="tests.backend_test" name="test_refresh_with_invalid_token" time="0.090" /><testcase classname="tests.backend_test" name="test_admin_login_and_role" time="0.314" /><testcase classname="tests.backend_test" name="test_wallet_returns_all_buckets_and_total_120" time="0.100" /><testcase classname="tests.backend_test" name="test_wallet_transactions_show_signup_and_daily" time="0.095" /><testcase classname="tests.backend_test" name="test_packs_usd" time="0.092" /><testcase classname="tests.backend_test" name="test_packs_inr" time="0.099" /><testcase classname="tests.backend_test" name="test_chat_stream_hello_deducts_credit" time="1.978" /><testcase classname="tests.backend_test" name="test_list_conversations_after_chat" time="0.096" /><testcase classname="tests.backend_test" name="test_get_conversation_returns_messages" time="0.153" /><testcase classname="tests.backend_test" name="test_rename_conversation" time="0.196" /><testcase classname="tests.backend_test" name="test_pin_conversation_toggle" time="0.191" /><testcase classname="tests.backend_test" name="test_usage_summary" time="0.097" /><testcase classname="tests.backend_test" name="test_usage_timeline_30d" time="0.117" /><testcase classname="tests.backend_test" name="test_stripe_checkout_creates_session" time="0.600" /><testcase classname="tests.backend_test" name="test_stripe_status_pending_or_expired" time="0.346" /><testcase classname="tests.backend_test" name="test_razorpay_order_creation" time="0.954" /><testcase classname="tests.backend_test" name="test_razorpay_verify_invalid_signature" time="0.093" /><testcase classname="tests.backend_test" name="test_payment_history" time="0.094" /><testcase classname="tests.backend_test" name="test_notifications_list" time="0.118" /><testcase classname="tests.backend_test" name="test_notifications_mark_all_read_idempotent" time="0.184" /><testcase classname="tests.backend_test" name="test_admin_routes_require_admin_role" time="0.097" /><testcase classname="tests.backend_test" name="test_admin_stats" time="0.095" /><testcase classname="tests.backend_test" name="test_admin_users_list_with_credits_total" time="0.090" /><testcase classname="tests.backend_test" name="test_admin_wallet_adjust_adds_credits" time="0.294" /><testcase classname="tests.backend_test" name="test_admin_toggle_active_and_re_enable" time="0.233" /><testcase classname="tests.backend_test" name="test_admin_promote_toggle" time="0.220" /><testcase classname="tests.backend_test" name="test_patch_me_updates_name" time="0.095" /><testcase classname="tests.backend_test" name="test_insufficient_credits_returns_402" time="0.291" /><testcase classname="tests.backend_test" name="test_delete_conversation" time="0.209" /><testcase classname="tests.backend_test" name="test_delete_account_and_revokes_sessions" time="0.183" /></testsuite></testsuites>