<?xml version="1.0" encoding="utf-8"?><testsuites name="pytest tests"><testsuite name="pytest" errors="0" failures="0" skipped="0" tests="11" time="2.699" timestamp="2026-07-15T08:52:27.696025+00:00" hostname="agent-env-9d64c9d1-0c14-4385-ba0f-90e01fa9cc7c"><testcase classname="tests.test_oauth_new.TestOAuthConfig" name="test_oauth_config_shape" time="0.119" /><testcase classname="tests.test_oauth_new.TestMicrosoftVerify" name="test_invalid_id_token_returns_400" time="0.045" /><testcase classname="tests.test_oauth_new.TestMicrosoftVerify" name="test_missing_id_token_returns_422" time="0.043" /><testcase classname="tests.test_oauth_new.TestMicrosoftVerify" name="test_legacy_microsoft_endpoint_exists" time="0.197" /><testcase classname="tests.test_oauth_new.TestAppleVerify" name="test_invalid_id_token_returns_400" time="0.042" /><testcase classname="tests.test_oauth_new.TestAppleVerify" name="test_missing_id_token_returns_422" time="0.044" /><testcase classname="tests.test_oauth_new.TestGoogleVerifyRegression" name="test_invalid_credential_returns_400" time="0.095" /><testcase classname="tests.test_oauth_new.TestEmailPasswordRegression" name="test_register_success" time="0.271" /><testcase classname="tests.test_oauth_new.TestEmailPasswordRegression" name="test_login_success" time="1.470" /><testcase classname="tests.test_oauth_new.TestEmailPasswordRegression" name="test_admin_login" time="0.271" /><testcase classname="tests.test_oauth_new.TestEmailPasswordRegression" name="test_login_invalid_credentials" time="0.045" /></testsuite></testsuites>