<?xml version="1.0" encoding="utf-8"?><testsuites name="pytest tests"><testsuite name="pytest" errors="0" failures="2" skipped="0" tests="21" time="36.425" timestamp="2026-07-17T07:46:35.375828+00:00" hostname="agent-env-9d64c9d1-0c14-4385-ba0f-90e01fa9cc7c"><testcase classname="tests.test_iter8_p0.TestStudioSummarize" name="test_summarize_default_style" time="20.540" /><testcase classname="tests.test_iter8_p0.TestDataLake" name="test_api_call_event_logged" time="2.254" /><testcase classname="tests.test_iter8_p0.TestDataLake" name="test_studio_summarize_event_logged" time="0.001" /><testcase classname="tests.test_iter8_p0.TestDataLake" name="test_studio_image_event_logged" time="0.001" /><testcase classname="tests.test_iter8_p0.TestDataLake" name="test_career_job_search_event_logged" time="0.001" /><testcase classname="tests.test_iter8_p0.TestDataLake" name="test_career_learning_path_event_logged" time="0.001" /><testcase classname="tests.test_iter8_p0.TestDataLake" name="test_health_endpoint_not_logged" time="0.613" /><testcase classname="tests.test_iter8_p0.TestAuthRegression" name="test_admin_login" time="0.000" /><testcase classname="tests.test_iter8_p0.TestAuthRegression" name="test_register_new_user_still_works" time="0.358"><failure message="AssertionError: assert 'test_iter8_f...b@example.com' == 'TEST_iter8_f...b@example.com'&#10;  &#10;  - TEST_iter8_f0ccc8cb@example.com&#10;  ? ^^^^&#10;  + test_iter8_f0ccc8cb@example.com&#10;  ? ^^^^">tests/test_iter8_p0.py:59: in test_register_new_user_still_works
    assert j["user"]["email"] == email
E   AssertionError: assert 'test_iter8_f...b@example.com' == 'TEST_iter8_f...b@example.com'
E     
E     - TEST_iter8_f0ccc8cb@example.com
E     ? ^^^^
E     + test_iter8_f0ccc8cb@example.com
E     ? ^^^^</failure></testcase><testcase classname="tests.test_iter8_p0.TestAuthRegression" name="test_me_endpoint" time="0.102" /><testcase classname="tests.test_iter8_p0.TestStudioImage" name="test_image_gen_low_quality_single" time="18.091" /><testcase classname="tests.test_iter8_p0.TestStudioSummarize" name="test_summarize_eli5" time="4.680" /><testcase classname="tests.test_iter8_p0.TestStudioImage" name="test_image_gen_requires_auth" time="0.101" /><testcase classname="tests.test_iter8_p0.TestCareerJobs" name="test_jobs_returns_mock" time="0.134" /><testcase classname="tests.test_iter8_p0.TestCareerJobs" name="test_jobs_requires_auth" time="0.103" /><testcase classname="tests.test_iter8_p0.TestLearningPath" name="test_learning_path_first_call_generates" time="13.274" /><testcase classname="tests.test_iter8_p0.TestStudioSummarize" name="test_summarize_executive" time="3.874" /><testcase classname="tests.test_iter8_p0.TestStudioSummarize" name="test_summarize_rejects_short_text" time="0.132" /><testcase classname="tests.test_iter8_p0.TestStudioSummarize" name="test_summarize_requires_auth" time="0.098" /><testcase classname="tests.test_iter8_p0.TestLearningPath" name="test_learning_path_requires_auth" time="0.106" /><testcase classname="tests.test_iter8_p0.TestChatRegression" name="test_chat_conversations_list" time="0.098"><failure message="AssertionError: assert False&#10; +  where False = isinstance({'items': [{'user_id': '6a573a577b203a05637f7d10', 'title': 'Describe this image in one sentence.', 'pinned': False, 'folder': None, ...}, {'user_id': '6a573a577b203a05637f7d10', 'title': 'What color is this favicon?', 'pinned': False, 'folder': None, ...}, {'user_id': '6a573a577b203a05637f7d10', 'title': 'Say hello in 5 words', 'pinned': False, 'folder': None, ...}]}, list)&#10; +    where {'items': [{'user_id': '6a573a577b203a05637f7d10', 'title': 'Describe this image in one sentence.', 'pinned': False, 'folder': None, ...}, {'user_id': '6a573a577b203a05637f7d10', 'title': 'What color is this favicon?', 'pinned': False, 'folder': None, ...}, {'user_id': '6a573a577b203a05637f7d10', 'title': 'Say hello in 5 words', 'pinned': False, 'folder': None, ...}]} = json()&#10; +      where json = &lt;Response [200]&gt;.json">tests/test_iter8_p0.py:266: in test_chat_conversations_list
    assert isinstance(r.json(), list)
E   AssertionError: assert False
E    +  where False = isinstance({'items': [{'user_id': '6a573a577b203a05637f7d10', 'title': 'Describe this image in one sentence.', 'pinned': False, 'folder': None, ...}, {'user_id': '6a573a577b203a05637f7d10', 'title': 'What color is this favicon?', 'pinned': False, 'folder': None, ...}, {'user_id': '6a573a577b203a05637f7d10', 'title': 'Say hello in 5 words', 'pinned': False, 'folder': None, ...}]}, list)
E    +    where {'items': [{'user_id': '6a573a577b203a05637f7d10', 'title': 'Describe this image in one sentence.', 'pinned': False, 'folder': None, ...}, {'user_id': '6a573a577b203a05637f7d10', 'title': 'What color is this favicon?', 'pinned': False, 'folder': None, ...}, {'user_id': '6a573a577b203a05637f7d10', 'title': 'Say hello in 5 words', 'pinned': False, 'folder': None, ...}]} = json()
E    +      where json = &lt;Response [200]&gt;.json</failure></testcase></testsuite></testsuites>