<?xml version="1.0" encoding="utf-8"?><testsuites name="pytest tests"><testsuite name="pytest" errors="0" failures="0" skipped="0" tests="7" time="2.406" timestamp="2026-07-15T10:00:28.568750+00:00" hostname="agent-env-9d64c9d1-0c14-4385-ba0f-90e01fa9cc7c"><testcase classname="tests.test_iter5_verify.TestRegisterLoginSameSecond" name="test_register_then_login_immediately_no_500" time="0.719" /><testcase classname="tests.test_iter5_verify.TestOAuthRegression" name="test_oauth_config" time="0.132" /><testcase classname="tests.test_iter5_verify.TestOAuthRegression" name="test_microsoft_verify_invalid_returns_400" time="0.044" /><testcase classname="tests.test_iter5_verify.TestOAuthRegression" name="test_apple_invalid_returns_400" time="0.225" /><testcase classname="tests.test_iter5_verify.TestOAuthRegression" name="test_google_verify_invalid_returns_400" time="0.315" /><testcase classname="tests.test_iter5_verify.TestRegisterLoginSameSecond" name="test_back_to_back_logins_same_second_distinct_tokens" time="0.809" /><testcase classname="tests.test_iter5_verify.TestRefreshFlow" name="test_refresh_returns_distinct_tokens_back_to_back" time="0.357" /></testsuite></testsuites>