<?xml version="1.0" encoding="utf-8"?><testsuites name="pytest tests"><testsuite name="pytest" errors="0" failures="0" skipped="0" tests="7" time="3.981" timestamp="2026-07-15T11:13:51.825929+00:00" hostname="agent-env-9d64c9d1-0c14-4385-ba0f-90e01fa9cc7c"><testcase classname="tests.test_iter5_verify.TestRegisterLoginSameSecond" name="test_register_then_login_immediately_no_500" time="1.819" /><testcase classname="tests.test_iter5_verify.TestOAuthRegression" name="test_oauth_config" time="0.875" /><testcase classname="tests.test_iter5_verify.TestOAuthRegression" name="test_microsoft_verify_invalid_returns_400" time="0.943" /><testcase classname="tests.test_iter5_verify.TestOAuthRegression" name="test_apple_invalid_returns_400" time="0.043" /><testcase classname="tests.test_iter5_verify.TestRegisterLoginSameSecond" name="test_back_to_back_logins_same_second_distinct_tokens" time="1.317" /><testcase classname="tests.test_iter5_verify.TestOAuthRegression" name="test_google_verify_invalid_returns_400" time="0.301" /><testcase classname="tests.test_iter5_verify.TestRefreshFlow" name="test_refresh_returns_distinct_tokens_back_to_back" time="0.386" /></testsuite></testsuites>