<?xml version="1.0" encoding="utf-8"?><testsuites name="pytest tests"><testsuite name="pytest" errors="2" failures="0" skipped="0" tests="2" time="0.535" timestamp="2026-07-15T09:01:06.112888+00:00" hostname="agent-env-9d64c9d1-0c14-4385-ba0f-90e01fa9cc7c"><testcase classname="" name="tests.test_iter5_verify" time="0.000"><error message="collection failure">backend/tests/test_iter5_verify.py:17: in &lt;module&gt;
    BASE_URL = os.environ.get("REACT_APP_BACKEND_URL").rstrip("/")
               ^^^^^^^^^^^^^^^^^^^^^^^^^^^^^^^^^^^^^^^^^^^^^^
E   AttributeError: 'NoneType' object has no attribute 'rstrip'</error><error message="collection failure">backend/tests/test_iter5_verify.py:17: in &lt;module&gt;
    BASE_URL = os.environ.get("REACT_APP_BACKEND_URL").rstrip("/")
               ^^^^^^^^^^^^^^^^^^^^^^^^^^^^^^^^^^^^^^^^^^^^^^
E   AttributeError: 'NoneType' object has no attribute 'rstrip'</error></testcase></testsuite></testsuites>