<?xml version="1.0" encoding="utf-8"?><testsuites name="pytest tests"><testsuite name="pytest" errors="0" failures="0" skipped="0" tests="9" time="1.755" timestamp="2026-07-15T08:45:46.187422+00:00" hostname="agent-env-9d64c9d1-0c14-4385-ba0f-90e01fa9cc7c"><testcase classname="tests.test_auth_bugfix.TestEmailLogin" name="test_admin_login_success" time="0.453" /><testcase classname="tests.test_auth_bugfix.TestGoogleIdTokenVerify" name="test_google_verify_endpoint_exists_and_400_on_invalid" time="0.465" /><testcase classname="tests.test_auth_bugfix.TestEmailLogin" name="test_admin_login_wrong_password" time="0.305" /><testcase classname="tests.test_auth_bugfix.TestGoogleIdTokenVerify" name="test_google_verify_missing_credential" time="0.255" /><testcase classname="tests.test_auth_bugfix.TestGoogleIdTokenVerify" name="test_google_verify_empty_credential" time="0.304" /><testcase classname="tests.test_auth_bugfix.TestEmailRegister" name="test_register_new_user" time="0.350" /><testcase classname="tests.test_auth_bugfix.TestGoogleCodeFlowStillExists" name="test_google_code_endpoint_exists" time="0.135" /><testcase classname="tests.test_auth_bugfix.TestEmailRegister" name="test_register_duplicate_email" time="0.081" /><testcase classname="tests.test_auth_bugfix.TestOAuthConfig" name="test_oauth_config_reports_google_enabled" time="0.085" /></testsuite></testsuites>