<?xml version="1.0" encoding="utf-8"?><testsuites name="pytest tests"><testsuite name="pytest" errors="0" failures="0" skipped="0" tests="25" time="31.980" timestamp="2026-07-17T08:09:20.152017+00:00" hostname="agent-env-9d64c9d1-0c14-4385-ba0f-90e01fa9cc7c"><testcase classname="tests.test_iter9_builder.TestAuthRegression" name="test_admin_login" time="0.404" /><testcase classname="tests.test_iter9_builder.TestAuthRegression" name="test_me" time="0.105" /><testcase classname="tests.test_iter9_builder.TestBuilderCreate" name="test_create_project_fresh" time="10.372" /><testcase classname="tests.test_iter9_builder.TestBuilderCreate" name="test_create_project_cached" time="0.135" /><testcase classname="tests.test_iter9_builder.TestBuilderCreate" name="test_create_prompt_too_short_rejected" time="0.102" /><testcase classname="tests.test_iter9_builder.TestBuilderListGet" name="test_list_excludes_files" time="0.100" /><testcase classname="tests.test_iter9_builder.TestBuilderListGet" name="test_get_returns_full_project" time="0.104" /><testcase classname="tests.test_iter9_builder.TestBuilderListGet" name="test_get_404_for_random" time="0.101" /><testcase classname="tests.test_iter9_builder.TestBuilderPreview" name="test_preview_returns_composed_html" time="0.101" /><testcase classname="tests.test_iter9_builder.TestBuilderPreview" name="test_preview_does_not_inline_external_urls" time="0.250" /><testcase classname="tests.test_iter9_builder.TestBuilderSaveFiles" name="test_save_files_no_credits" time="0.210" /><testcase classname="tests.test_iter9_builder.TestBuilderRefine" name="test_refine_adds_footer" time="1.019" /><testcase classname="tests.test_iter9_builder.TestBuilderShare" name="test_share_returns_valid_signed_url" time="0.653" /><testcase classname="tests.test_iter9_builder.TestBuilderGithub" name="test_github_status_starts_unconnected" time="0.100" /><testcase classname="tests.test_iter9_builder.TestBuilderGithub" name="test_github_push_no_pat_saved_returns_400" time="0.104" /><testcase classname="tests.test_iter9_builder.TestBuilderGithub" name="test_github_push_bad_repo_shape_returns_400" time="0.139" /><testcase classname="tests.test_iter9_builder.TestBuilderGithub" name="test_github_push_bad_pat_does_not_500" time="0.247" /><testcase classname="tests.test_iter9_builder.TestBuilderGithub" name="test_github_status_after_save_pat" time="0.503" /><testcase classname="tests.test_iter9_builder.TestBuilderDataLake" name="test_builder_create_event_logged" time="0.501" /><testcase classname="tests.test_iter9_builder.TestBuilderDataLake" name="test_builder_refine_event_logged" time="0.001" /><testcase classname="tests.test_iter9_builder.TestBuilderDataLake" name="test_builder_share_event_logged" time="0.001" /><testcase classname="tests.test_iter9_builder.TestAdzunaLive" name="test_jobs_live_adzuna" time="0.658" /><testcase classname="tests.test_iter9_builder.TestPriorRegression" name="test_studio_summarize_still_works" time="1.551" /><testcase classname="tests.test_iter9_builder.TestPriorRegression" name="test_career_learning_path_still_works" time="14.089" /><testcase classname="tests.test_iter9_builder.TestBuilderDelete" name="test_delete_project_and_verify_gone" time="0.306" /></testsuite></testsuites>