<?xml version="1.0" encoding="utf-8"?><testsuites name="pytest tests"><testsuite name="pytest" errors="0" failures="0" skipped="0" tests="24" time="6.330" timestamp="2026-07-17T10:56:04.785532+00:00" hostname="agent-env-9d64c9d1-0c14-4385-ba0f-90e01fa9cc7c"><testcase classname="tests.test_batch_b.TestPricing" name="test_list_pricing_admin" time="0.463" /><testcase classname="tests.test_batch_b.TestPricing" name="test_patch_pricing_persists" time="0.283" /><testcase classname="tests.test_batch_b.TestPricing" name="test_patch_pricing_reject_out_of_range" time="0.194" /><testcase classname="tests.test_batch_b.TestPricing" name="test_pricing_non_admin_forbidden" time="0.413" /><testcase classname="tests.test_batch_b.TestPlans" name="test_list_plans" time="0.091" /><testcase classname="tests.test_batch_b.TestPlans" name="test_patch_plan_persists" time="0.327" /><testcase classname="tests.test_batch_b.TestAnalytics" name="test_provider_usage" time="0.104" /><testcase classname="tests.test_batch_b.TestAnalytics" name="test_timeseries" time="0.097" /><testcase classname="tests.test_batch_b.TestAnalytics" name="test_finance" time="0.102" /><testcase classname="tests.test_batch_b.TestQueries" name="test_queries_search" time="0.102" /><testcase classname="tests.test_batch_b.TestQueries" name="test_queries_non_admin" time="0.098" /><testcase classname="tests.test_batch_b.TestUserDetails" name="test_admin_user_details" time="0.193" /><testcase classname="tests.test_batch_b.TestUserDetails" name="test_invalid_user_id" time="0.101" /><testcase classname="tests.test_batch_b.TestUserDetails" name="test_missing_user" time="0.103" /><testcase classname="tests.test_batch_b.TestWallet" name="test_wallet_window" time="0.107" /><testcase classname="tests.test_batch_b.TestWallet" name="test_free_plan_cap" time="0.113" /><testcase classname="tests.test_batch_b.TestKBEngine" name="test_engine_status" time="0.103" /><testcase classname="tests.test_batch_b.TestKBEngine" name="test_engine_run" time="0.128" /><testcase classname="tests.test_batch_b.TestLinkedAccounts" name="test_list_linked_admin_empty" time="0.105" /><testcase classname="tests.test_batch_b.TestLinkedAccounts" name="test_link_and_unlink" time="0.486" /><testcase classname="tests.test_batch_b.TestLinkedAccounts" name="test_reject_unsupported_provider" time="0.096" /><testcase classname="tests.test_batch_b.TestCapabilityManifest" name="test_chat_recommends_studio_not_external" time="2.145" /><testcase classname="tests.test_batch_b.TestSpendFlow" name="test_wallet_get" time="0.218" /><testcase classname="tests.test_batch_b.TestSpendFlow" name="test_studio_summarize_credits_field" time="0.099" /></testsuite></testsuites>