<?xml version="1.0" encoding="utf-8"?><testsuites name="pytest tests"><testsuite name="pytest" errors="0" failures="0" skipped="0" tests="11" time="2.146" timestamp="2026-07-15T11:03:44.092982+00:00" hostname="agent-env-9d64c9d1-0c14-4385-ba0f-90e01fa9cc7c"><testcase classname="tests.test_oauth_new.TestEmailPasswordRegression" name="test_register_success" time="0.555" /><testcase classname="tests.test_oauth_new.TestMicrosoftVerify" name="test_invalid_id_token_returns_400" time="0.287" /><testcase classname="tests.test_oauth_new.TestMicrosoftVerify" name="test_missing_id_token_returns_422" time="0.232" /><testcase classname="tests.test_oauth_new.TestMicrosoftVerify" name="test_legacy_microsoft_endpoint_exists" time="0.899" /><testcase classname="tests.test_oauth_new.TestEmailPasswordRegression" name="test_login_success_immediate_after_register" time="0.552" /><testcase classname="tests.test_oauth_new.TestEmailPasswordRegression" name="test_admin_login" time="0.274" /><testcase classname="tests.test_oauth_new.TestEmailPasswordRegression" name="test_login_invalid_credentials" time="0.090" /><testcase classname="tests.test_oauth_new.TestAppleVerify" name="test_invalid_id_token_returns_400" time="0.040" /><testcase classname="tests.test_oauth_new.TestAppleVerify" name="test_missing_id_token_returns_422" time="0.045" /><testcase classname="tests.test_oauth_new.TestOAuthConfig" name="test_oauth_config_shape" time="0.098" /><testcase classname="tests.test_oauth_new.TestGoogleVerifyRegression" name="test_invalid_credential_returns_400" time="0.100" /></testsuite></testsuites>