<?xml version="1.0" encoding="utf-8"?><testsuites name="pytest tests"><testsuite name="pytest" errors="0" failures="0" skipped="0" tests="4" time="1.083" timestamp="2026-07-15T10:04:29.631827+00:00" hostname="agent-env-9d64c9d1-0c14-4385-ba0f-90e01fa9cc7c"><testcase classname="tests.test_oauth_new.TestOAuthConfig" name="test_oauth_config_shape" time="0.215" /><testcase classname="tests.test_oauth_new.TestMicrosoftVerify" name="test_invalid_id_token_returns_400" time="0.216" /><testcase classname="tests.test_oauth_new.TestMicrosoftVerify" name="test_missing_id_token_returns_422" time="0.042" /><testcase classname="tests.test_oauth_new.TestMicrosoftVerify" name="test_legacy_microsoft_endpoint_exists" time="0.209" /></testsuite></testsuites>