<?xml version="1.0" encoding="utf-8"?><testsuites name="pytest tests"><testsuite name="pytest" errors="0" failures="3" skipped="0" tests="7" time="5.691" timestamp="2026-07-15T09:59:44.819835+00:00" hostname="agent-env-9d64c9d1-0c14-4385-ba0f-90e01fa9cc7c"><testcase classname="tests.test_iter5_verify.TestRegisterLoginSameSecond" name="test_register_then_login_immediately_no_500" time="3.836"><failure message="AssertionError: assert 'access_token' in {'user': {'id': '6a575a15dcd189db6088981d', 'email': 'test_iter5_ea824f66@example.com', 'name': 'Iter5 Verify', 'role': 'user', ...}, 'tokens': {'access_token': 'eyJhbGciOiJIUzI1NiIsInR5cCI6IkpXVCJ9.eyJzdWIiOiI2YTU3NWExNWRjZDE4OWRiNjA4ODk4MWQiLCJyb2xlIjoidXNlciIsInR5cGUiOiJhY2Nlc3MiLCJqdGkiOiIyMmM2OTdjYTU2OTcxYWFkIiwiZXhwIjoxNzg0MTEzMTg5LCJpYXQiOjE3ODQxMDk1ODl9.gZVXuPOlizmUm2c5Gfa2F0GcRep9d7KQ03B0qP87R7M', 'refresh_token': 'eyJhbGciOiJIUzI1NiIsInR5cCI6IkpXVCJ9.eyJzdWIiOiI2YTU3NWExNWRjZDE4OWRiNjA4ODk4MWQiLCJ0eXBlIjoicmVmcmVzaCIsImp0aSI6IjExZTZjNWMxOGIwYmMyYTkiLCJleHAiOjE3ODY3MDE1ODksImlhdCI6MTc4NDEwOTU4OX0.mCW8p-1bJPivZTd9k-OXQjXTi4B6WPSb5eYzd1Dz0Fs', 'token_type': 'bearer'}}">backend/tests/test_iter5_verify.py:41: in test_register_then_login_immediately_no_500
    assert "access_token" in reg_data
E   AssertionError: assert 'access_token' in {'user': {'id': '6a575a15dcd189db6088981d', 'email': 'test_iter5_ea824f66@example.com', 'name': 'Iter5 Verify', 'role': 'user', ...}, 'tokens': {'access_token': 'eyJhbGciOiJIUzI1NiIsInR5cCI6IkpXVCJ9.eyJzdWIiOiI2YTU3NWExNWRjZDE4OWRiNjA4ODk4MWQiLCJyb2xlIjoidXNlciIsInR5cGUiOiJhY2Nlc3MiLCJqdGkiOiIyMmM2OTdjYTU2OTcxYWFkIiwiZXhwIjoxNzg0MTEzMTg5LCJpYXQiOjE3ODQxMDk1ODl9.gZVXuPOlizmUm2c5Gfa2F0GcRep9d7KQ03B0qP87R7M', 'refresh_token': 'eyJhbGciOiJIUzI1NiIsInR5cCI6IkpXVCJ9.eyJzdWIiOiI2YTU3NWExNWRjZDE4OWRiNjA4ODk4MWQiLCJ0eXBlIjoicmVmcmVzaCIsImp0aSI6IjExZTZjNWMxOGIwYmMyYTkiLCJleHAiOjE3ODY3MDE1ODksImlhdCI6MTc4NDEwOTU4OX0.mCW8p-1bJPivZTd9k-OXQjXTi4B6WPSb5eYzd1Dz0Fs', 'token_type': 'bearer'}}</failure></testcase><testcase classname="tests.test_iter5_verify.TestOAuthRegression" name="test_oauth_config" time="3.593" /><testcase classname="tests.test_iter5_verify.TestOAuthRegression" name="test_microsoft_verify_invalid_returns_400" time="0.236" /><testcase classname="tests.test_iter5_verify.TestOAuthRegression" name="test_apple_invalid_returns_400" time="0.048" /><testcase classname="tests.test_iter5_verify.TestRegisterLoginSameSecond" name="test_back_to_back_logins_same_second_distinct_tokens" time="0.875"><failure message="KeyError: 'access_token'">backend/tests/test_iter5_verify.py:75: in test_back_to_back_logins_same_second_distinct_tokens
    assert d1["access_token"] != d2["access_token"], "back-to-back access_tokens identical"
           ^^^^^^^^^^^^^^^^^^
E   KeyError: 'access_token'</failure></testcase><testcase classname="tests.test_iter5_verify.TestOAuthRegression" name="test_google_verify_invalid_returns_400" time="0.325" /><testcase classname="tests.test_iter5_verify.TestRefreshFlow" name="test_refresh_returns_distinct_tokens_back_to_back" time="0.273"><failure message="KeyError: 'refresh_token'">backend/tests/test_iter5_verify.py:88: in test_refresh_returns_distinct_tokens_back_to_back
    refresh = r_reg.json()["refresh_token"]
              ^^^^^^^^^^^^^^^^^^^^^^^^^^^^^
E   KeyError: 'refresh_token'</failure></testcase></testsuite></testsuites>