<?xml version="1.0" encoding="utf-8"?><testsuites name="pytest tests"><testsuite name="pytest" errors="0" failures="1" skipped="0" tests="20" time="74.903" timestamp="2026-07-17T08:55:35.394616+00:00" hostname="agent-env-9d64c9d1-0c14-4385-ba0f-90e01fa9cc7c"><testcase classname="tests.test_batch_a.TestPublicTemplates" name="test_list_templates_no_auth" time="0.155" /><testcase classname="tests.test_batch_a.TestPublicTemplates" name="test_pomodoro_preview_no_auth" time="0.129" /><testcase classname="tests.test_batch_a.TestPublicTemplates" name="test_use_template_requires_auth" time="0.097" /><testcase classname="tests.test_batch_a.TestPublicTemplates" name="test_use_todo_template" time="0.606" /><testcase classname="tests.test_batch_a.TestCounseling" name="test_career_llm_then_kb" time="16.592" /><testcase classname="tests.test_batch_a.TestCounseling" name="test_psychology_disclaimer_has_icall" time="5.126" /><testcase classname="tests.test_batch_a.TestCounseling" name="test_academic_mode" time="21.070" /><testcase classname="tests.test_batch_a.TestCounseling" name="test_invalid_mode" time="0.051" /><testcase classname="tests.test_batch_a.TestStudioSummarize" name="test_llm_then_kb" time="3.082" /><testcase classname="tests.test_batch_a.TestCareerLearningPath" name="test_llm_then_kb" time="15.573" /><testcase classname="tests.test_batch_a.TestBuilderKB" name="test_llm_then_kb" time="11.207" /><testcase classname="tests.test_batch_a.TestAdminEndpoints" name="test_kb_stats" time="0.045" /><testcase classname="tests.test_batch_a.TestAdminEndpoints" name="test_get_settings" time="0.086" /><testcase classname="tests.test_batch_a.TestAdminEndpoints" name="test_post_settings_valid_and_reset" time="0.223" /><testcase classname="tests.test_batch_a.TestAdminEndpoints" name="test_post_settings_bad_key" time="0.048" /><testcase classname="tests.test_batch_a.TestAdminEndpoints" name="test_post_settings_out_of_range" time="0.047" /><testcase classname="tests.test_batch_a.TestAdminEndpoints" name="test_non_admin_forbidden_kb_stats" time="0.460" /><testcase classname="tests.test_batch_a.TestAdminEndpoints" name="test_non_admin_forbidden_settings" time="0.101" /><testcase classname="tests.test_batch_a.TestRegression" name="test_auth_me" time="0.045" /><testcase classname="tests.test_batch_a.TestRegression" name="test_career_jobs_adzuna" time="0.044"><failure message="AssertionError: {&quot;detail&quot;:&quot;Method Not Allowed&quot;}&#10;assert 405 == 200&#10; +  where 405 = &lt;Response [405]&gt;.status_code">backend/tests/test_batch_a.py:299: in test_career_jobs_adzuna
    assert r.status_code == 200, r.text
E   AssertionError: {"detail":"Method Not Allowed"}
E   assert 405 == 200
E    +  where 405 = &lt;Response [405]&gt;.status_code</failure></testcase></testsuite></testsuites>